#
# There is insufficient memory for the Java Runtime Environment to continue.
# Native memory allocation (malloc) failed to allocate 324208 bytes for Chunk::new
# Possible reasons:
#   The system is out of physical RAM or swap space
#   The process is running with CompressedOops enabled, and the Java Heap may be blocking the growth of the native heap
# Possible solutions:
#   Reduce memory load on the system
#   Increase physical memory or swap space
#   Check if swap backing store is full
#   Decrease Java heap size (-Xmx/-Xms)
#   Decrease number of Java threads
#   Decrease Java thread stack sizes (-Xss)
#   Set larger code cache with -XX:ReservedCodeCacheSize=
#   JVM is running with Unscaled Compressed Oops mode in which the Java heap is
#     placed in the first 4GB address space. The Java Heap base address is the
#     maximum limit for the native heap growth. Please use -XX:HeapBaseMinAddress
#     to set the Java Heap base and to place the Java Heap above 4GB virtual address.
# This output file may be truncated or incomplete.
#
#  Out of Memory Error (arena.cpp:168), pid=16440, tid=6792
#
# JRE version: OpenJDK Runtime Environment (21.0.1+12) (build 21.0.1+12-29)
# Java VM: OpenJDK 64-Bit Server VM (21.0.1+12-29, mixed mode, sharing, tiered, compressed oops, compressed class ptrs, g1 gc, windows-amd64)
# No core dump will be written. Minidumps are not enabled by default on client versions of Windows
#

---------------  S U M M A R Y ------------

Command Line: -javaagent:C:\Program Files\JetBrains\IntelliJ IDEA Community Edition 2023.2.3\lib\idea_rt.jar=62105:C:\Program Files\JetBrains\IntelliJ IDEA Community Edition 2023.2.3\bin -Dfile.encoding=UTF-8 -Dsun.stdout.encoding=UTF-8 -Dsun.stderr.encoding=UTF-8 org.example.MainKt

Host: Intel(R) Core(TM) i5 CPU       M 540  @ 2.53GHz, 4 cores, 7G,  Windows 10 , 64 bit Build 19041 (10.0.19041.3636)
Time: Fri Feb  2 23:57:45 2024 RTZ 2 (s 10 , 64 bit Build 19041 (10.0.19041.3636) elapsed time: 5.494122 seconds (0d 0h 0m 5s)

---------------  T H R E A D  ---------------

Current thread (0x0000014c20d56080):  JavaThread "C2 CompilerThread0" daemon [_thread_in_native, id=6792, stack(0x00000021e7b00000,0x00000021e7c00000) (1024K)]


Current CompileTask:
C2:   5494 1513 %     4       sun.awt.image.OffScreenImageSource::sendPixels @ 669 (733 bytes)

Stack: [0x00000021e7b00000,0x00000021e7c00000]
Native frames: (J=compiled Java code, j=interpreted, Vv=VM code, C=native code)
V  [jvm.dll+0x6c9029]
V  [jvm.dll+0x854b81]
V  [jvm.dll+0x856e5e]
V  [jvm.dll+0x857543]
V  [jvm.dll+0x280c06]
V  [jvm.dll+0xc3ead]
V  [jvm.dll+0xc43c3]
V  [jvm.dll+0x3b576c]
V  [jvm.dll+0x382475]
V  [jvm.dll+0x3818ea]
V  [jvm.dll+0x249ad0]
V  [jvm.dll+0x2490b1]
V  [jvm.dll+0x1c9ca1]
V  [jvm.dll+0x2586b9]
V  [jvm.dll+0x256c9a]
V  [jvm.dll+0x3ef1b6]
V  [jvm.dll+0x7fd728]
V  [jvm.dll+0x6c777d]
C  [ucrtbase.dll+0x21bb2]
C  [KERNEL32.DLL+0x17344]
C  [ntdll.dll+0x526b1]


---------------  P R O C E S S  ---------------

Threads class SMR info:
_java_thread_list=0x0000014c6687d700, length=18, elements={
0x0000014c20d4b620, 0x0000014c20d4cd00, 0x0000014c20d52fc0, 0x0000014c20d53e30,
0x0000014c20d54890, 0x0000014c20d552f0, 0x0000014c20d56080, 0x0000014c20db5fa0,
0x0000014c6603cf30, 0x0000014c66209e20, 0x0000014c6620a490, 0x0000014c6631c7d0,
0x0000014c6631d2c0, 0x0000014c6633a020, 0x0000014c66353cd0, 0x0000014c02aee360,
0x0000014c6690ec70, 0x0000014c66a517a0
}

Java Threads: ( => current thread )
  0x0000014c20d4b620 JavaThread "Reference Handler"          daemon [_thread_blocked, id=9136, stack(0x00000021e7500000,0x00000021e7600000) (1024K)]
  0x0000014c20d4cd00 JavaThread "Finalizer"                  daemon [_thread_blocked, id=15832, stack(0x00000021e7600000,0x00000021e7700000) (1024K)]
  0x0000014c20d52fc0 JavaThread "Signal Dispatcher"          daemon [_thread_blocked, id=13832, stack(0x00000021e7700000,0x00000021e7800000) (1024K)]
  0x0000014c20d53e30 JavaThread "Attach Listener"            daemon [_thread_blocked, id=11056, stack(0x00000021e7800000,0x00000021e7900000) (1024K)]
  0x0000014c20d54890 JavaThread "Service Thread"             daemon [_thread_blocked, id=14456, stack(0x00000021e7900000,0x00000021e7a00000) (1024K)]
  0x0000014c20d552f0 JavaThread "Monitor Deflation Thread"   daemon [_thread_blocked, id=8588, stack(0x00000021e7a00000,0x00000021e7b00000) (1024K)]
=>0x0000014c20d56080 JavaThread "C2 CompilerThread0"         daemon [_thread_in_native, id=6792, stack(0x00000021e7b00000,0x00000021e7c00000) (1024K)]
  0x0000014c20db5fa0 JavaThread "C1 CompilerThread0"         daemon [_thread_in_native, id=16208, stack(0x00000021e7c00000,0x00000021e7d00000) (1024K)]
  0x0000014c6603cf30 JavaThread "Common-Cleaner"             daemon [_thread_blocked, id=16892, stack(0x00000021e7d00000,0x00000021e7e00000) (1024K)]
  0x0000014c66209e20 JavaThread "Monitor Ctrl-Break"         daemon [_thread_in_native, id=15284, stack(0x00000021e7e00000,0x00000021e7f00000) (1024K)]
  0x0000014c6620a490 JavaThread "Notification Thread"        daemon [_thread_blocked, id=5460, stack(0x00000021e7f00000,0x00000021e8000000) (1024K)]
  0x0000014c6631c7d0 JavaThread "Java2D Disposer"            daemon [_thread_blocked, id=3420, stack(0x00000021e8000000,0x00000021e8100000) (1024K)]
  0x0000014c6631d2c0 JavaThread "AWT-Shutdown"                      [_thread_blocked, id=10948, stack(0x00000021e8100000,0x00000021e8200000) (1024K)]
  0x0000014c6633a020 JavaThread "AWT-Windows"                daemon [_thread_in_native, id=14176, stack(0x00000021e8200000,0x00000021e8300000) (1024K)]
  0x0000014c66353cd0 JavaThread "AWT-EventQueue-0"                  [_thread_in_native, id=2088, stack(0x00000021e8300000,0x00000021e8400000) (1024K)]
  0x0000014c02aee360 JavaThread "DestroyJavaVM"                     [_thread_blocked, id=244, stack(0x00000021e6d00000,0x00000021e6e00000) (1024K)]
  0x0000014c6690ec70 JavaThread "TimerQueue"                 daemon [_thread_blocked, id=10188, stack(0x00000021e8400000,0x00000021e8500000) (1024K)]
  0x0000014c66a517a0 JavaThread "C2 CompilerThread1"         daemon [_thread_in_native, id=9156, stack(0x00000021e8900000,0x00000021e8a00000) (1024K)]
Total: 18

Other Threads:
  0x0000014c20d2c9f0 VMThread "VM Thread"                           [id=7632, stack(0x00000021e7400000,0x00000021e7500000) (1024K)]
  0x0000014c20d139d0 WatcherThread "VM Periodic Task Thread"        [id=15972, stack(0x00000021e7300000,0x00000021e7400000) (1024K)]
  0x0000014c04d7dd00 WorkerThread "GC Thread#0"                     [id=7488, stack(0x00000021e6e00000,0x00000021e6f00000) (1024K)]
  0x0000014c20d2d4d0 WorkerThread "GC Thread#1"                     [id=7224, stack(0x00000021e8500000,0x00000021e8600000) (1024K)]
  0x0000014c20d2d130 WorkerThread "GC Thread#2"                     [id=12388, stack(0x00000021e8600000,0x00000021e8700000) (1024K)]
  0x0000014c20d2cd90 WorkerThread "GC Thread#3"                     [id=12396, stack(0x00000021e8700000,0x00000021e8800000) (1024K)]
  0x0000014c04d8e760 ConcurrentGCThread "G1 Main Marker"            [id=10624, stack(0x00000021e6f00000,0x00000021e7000000) (1024K)]
  0x0000014c04d91190 WorkerThread "G1 Conc#0"                       [id=17224, stack(0x00000021e7000000,0x00000021e7100000) (1024K)]
  0x0000014c20be50c0 ConcurrentGCThread "G1 Refine#0"               [id=10776, stack(0x00000021e7100000,0x00000021e7200000) (1024K)]
  0x0000014c20be58e0 ConcurrentGCThread "G1 Service"                [id=10908, stack(0x00000021e7200000,0x00000021e7300000) (1024K)]
Total: 10

Threads with active compile tasks:
C2 CompilerThread0     5534 1513 %     4       sun.awt.image.OffScreenImageSource::sendPixels @ 669 (733 bytes)
C1 CompilerThread0     5534 1527   !   3       java.awt.Container::getMouseEventTargetImpl (255 bytes)
C2 CompilerThread1     5535 1525       4       java.awt.image.ReplicateScaleFilter::setPixels (225 bytes)
Total: 3

VM state: not at safepoint (normal execution)

VM Mutex/Monitor currently owned by a thread: None

Heap address: 0x0000000083200000, size: 1998 MB, Compressed Oops mode: 32-bit

CDS archive(s) mapped at: [0x0000014c21000000-0x0000014c21c90000-0x0000014c21c90000), size 13172736, SharedBaseAddress: 0x0000014c21000000, ArchiveRelocationMode: 1.
Compressed class space mapped at: 0x0000014c22000000-0x0000014c62000000, reserved size: 1073741824
Narrow klass base: 0x0000014c21000000, Narrow klass shift: 0, Narrow klass range: 0x100000000

GC Precious Log:
 CardTable entry size: 512
 Card Set container configuration: InlinePtr #cards 5 size 8 Array Of Cards #cards 12 size 40 Howl #buckets 4 coarsen threshold 1843 Howl Bitmap #cards 512 size 80 coarsen threshold 460 Card regions per heap region 1 cards per card region 2048
 CPUs: 4 total, 4 available
 Memory: 7987M
 Large Page Support: Disabled
 NUMA Support: Disabled
 Compressed Oops: Enabled (32-bit)
 Heap Region Size: 1M
 Heap Min Capacity: 8M
 Heap Initial Capacity: 126M
 Heap Max Capacity: 1998M
 Pre-touch: Disabled
 Parallel Workers: 4
 Concurrent Workers: 1
 Concurrent Refinement Workers: 4
 Periodic GC: Disabled

Heap:
 garbage-first heap   total 129024K, used 15840K [0x0000000083200000, 0x0000000100000000)
  region size 1024K, 12 young (12288K), 2 survivors (2048K)
 Metaspace       used 10328K, committed 10624K, reserved 1114112K
  class space    used 1002K, committed 1152K, reserved 1048576K

Heap Regions: E=young(eden), S=young(survivor), O=old, HS=humongous(starts), HC=humongous(continues), CS=collection set, F=free, TAMS=top-at-mark-start, PB=parsable bottom
|   0|0x0000000083200000, 0x0000000083200000, 0x0000000083300000|  0%| F|  |TAMS 0x0000000083200000| PB 0x0000000083200000| Untracked 
|   1|0x0000000083300000, 0x0000000083400000, 0x0000000083400000|100%| O|  |TAMS 0x0000000083300000| PB 0x0000000083300000| Untracked 
|   2|0x0000000083400000, 0x0000000083478000, 0x0000000083500000| 46%| O|  |TAMS 0x0000000083400000| PB 0x0000000083400000| Untracked 
|   3|0x0000000083500000, 0x0000000083600000, 0x0000000083600000|100%|HS|  |TAMS 0x0000000083500000| PB 0x0000000083500000| Complete 
|   4|0x0000000083600000, 0x0000000083700000, 0x0000000083700000|100%|HC|  |TAMS 0x0000000083600000| PB 0x0000000083600000| Complete 
|   5|0x0000000083700000, 0x0000000083800000, 0x0000000083800000|100%|HC|  |TAMS 0x0000000083700000| PB 0x0000000083700000| Complete 
|   6|0x0000000083800000, 0x0000000083800000, 0x0000000083900000|  0%| F|  |TAMS 0x0000000083800000| PB 0x0000000083800000| Untracked 
|   7|0x0000000083900000, 0x0000000083900000, 0x0000000083a00000|  0%| F|  |TAMS 0x0000000083900000| PB 0x0000000083900000| Untracked 
|   8|0x0000000083a00000, 0x0000000083a00000, 0x0000000083b00000|  0%| F|  |TAMS 0x0000000083a00000| PB 0x0000000083a00000| Untracked 
|   9|0x0000000083b00000, 0x0000000083b00000, 0x0000000083c00000|  0%| F|  |TAMS 0x0000000083b00000| PB 0x0000000083b00000| Untracked 
|  10|0x0000000083c00000, 0x0000000083c00000, 0x0000000083d00000|  0%| F|  |TAMS 0x0000000083c00000| PB 0x0000000083c00000| Untracked 
|  11|0x0000000083d00000, 0x0000000083d00000, 0x0000000083e00000|  0%| F|  |TAMS 0x0000000083d00000| PB 0x0000000083d00000| Untracked 
|  12|0x0000000083e00000, 0x0000000083e00000, 0x0000000083f00000|  0%| F|  |TAMS 0x0000000083e00000| PB 0x0000000083e00000| Untracked 
|  13|0x0000000083f00000, 0x0000000083f00000, 0x0000000084000000|  0%| F|  |TAMS 0x0000000083f00000| PB 0x0000000083f00000| Untracked 
|  14|0x0000000084000000, 0x0000000084000000, 0x0000000084100000|  0%| F|  |TAMS 0x0000000084000000| PB 0x0000000084000000| Untracked 
|  15|0x0000000084100000, 0x0000000084100000, 0x0000000084200000|  0%| F|  |TAMS 0x0000000084100000| PB 0x0000000084100000| Untracked 
|  16|0x0000000084200000, 0x0000000084200000, 0x0000000084300000|  0%| F|  |TAMS 0x0000000084200000| PB 0x0000000084200000| Untracked 
|  17|0x0000000084300000, 0x0000000084300000, 0x0000000084400000|  0%| F|  |TAMS 0x0000000084300000| PB 0x0000000084300000| Untracked 
|  18|0x0000000084400000, 0x0000000084400000, 0x0000000084500000|  0%| F|  |TAMS 0x0000000084400000| PB 0x0000000084400000| Untracked 
|  19|0x0000000084500000, 0x0000000084500000, 0x0000000084600000|  0%| F|  |TAMS 0x0000000084500000| PB 0x0000000084500000| Untracked 
|  20|0x0000000084600000, 0x0000000084600000, 0x0000000084700000|  0%| F|  |TAMS 0x0000000084600000| PB 0x0000000084600000| Untracked 
|  21|0x0000000084700000, 0x0000000084700000, 0x0000000084800000|  0%| F|  |TAMS 0x0000000084700000| PB 0x0000000084700000| Untracked 
|  22|0x0000000084800000, 0x0000000084800000, 0x0000000084900000|  0%| F|  |TAMS 0x0000000084800000| PB 0x0000000084800000| Untracked 
|  23|0x0000000084900000, 0x0000000084900000, 0x0000000084a00000|  0%| F|  |TAMS 0x0000000084900000| PB 0x0000000084900000| Untracked 
|  24|0x0000000084a00000, 0x0000000084a00000, 0x0000000084b00000|  0%| F|  |TAMS 0x0000000084a00000| PB 0x0000000084a00000| Untracked 
|  25|0x0000000084b00000, 0x0000000084b00000, 0x0000000084c00000|  0%| F|  |TAMS 0x0000000084b00000| PB 0x0000000084b00000| Untracked 
|  26|0x0000000084c00000, 0x0000000084c00000, 0x0000000084d00000|  0%| F|  |TAMS 0x0000000084c00000| PB 0x0000000084c00000| Untracked 
|  27|0x0000000084d00000, 0x0000000084d00000, 0x0000000084e00000|  0%| F|  |TAMS 0x0000000084d00000| PB 0x0000000084d00000| Untracked 
|  28|0x0000000084e00000, 0x0000000084e00000, 0x0000000084f00000|  0%| F|  |TAMS 0x0000000084e00000| PB 0x0000000084e00000| Untracked 
|  29|0x0000000084f00000, 0x0000000084f00000, 0x0000000085000000|  0%| F|  |TAMS 0x0000000084f00000| PB 0x0000000084f00000| Untracked 
|  30|0x0000000085000000, 0x0000000085000000, 0x0000000085100000|  0%| F|  |TAMS 0x0000000085000000| PB 0x0000000085000000| Untracked 
|  31|0x0000000085100000, 0x0000000085100000, 0x0000000085200000|  0%| F|  |TAMS 0x0000000085100000| PB 0x0000000085100000| Untracked 
|  32|0x0000000085200000, 0x0000000085200000, 0x0000000085300000|  0%| F|  |TAMS 0x0000000085200000| PB 0x0000000085200000| Untracked 
|  33|0x0000000085300000, 0x0000000085300000, 0x0000000085400000|  0%| F|  |TAMS 0x0000000085300000| PB 0x0000000085300000| Untracked 
|  34|0x0000000085400000, 0x0000000085400000, 0x0000000085500000|  0%| F|  |TAMS 0x0000000085400000| PB 0x0000000085400000| Untracked 
|  35|0x0000000085500000, 0x0000000085500000, 0x0000000085600000|  0%| F|  |TAMS 0x0000000085500000| PB 0x0000000085500000| Untracked 
|  36|0x0000000085600000, 0x0000000085600000, 0x0000000085700000|  0%| F|  |TAMS 0x0000000085600000| PB 0x0000000085600000| Untracked 
|  37|0x0000000085700000, 0x0000000085700000, 0x0000000085800000|  0%| F|  |TAMS 0x0000000085700000| PB 0x0000000085700000| Untracked 
|  38|0x0000000085800000, 0x0000000085800000, 0x0000000085900000|  0%| F|  |TAMS 0x0000000085800000| PB 0x0000000085800000| Untracked 
|  39|0x0000000085900000, 0x0000000085900000, 0x0000000085a00000|  0%| F|  |TAMS 0x0000000085900000| PB 0x0000000085900000| Untracked 
|  40|0x0000000085a00000, 0x0000000085a00000, 0x0000000085b00000|  0%| F|  |TAMS 0x0000000085a00000| PB 0x0000000085a00000| Untracked 
|  41|0x0000000085b00000, 0x0000000085b00000, 0x0000000085c00000|  0%| F|  |TAMS 0x0000000085b00000| PB 0x0000000085b00000| Untracked 
|  42|0x0000000085c00000, 0x0000000085c00000, 0x0000000085d00000|  0%| F|  |TAMS 0x0000000085c00000| PB 0x0000000085c00000| Untracked 
|  43|0x0000000085d00000, 0x0000000085d00000, 0x0000000085e00000|  0%| F|  |TAMS 0x0000000085d00000| PB 0x0000000085d00000| Untracked 
|  44|0x0000000085e00000, 0x0000000085e00000, 0x0000000085f00000|  0%| F|  |TAMS 0x0000000085e00000| PB 0x0000000085e00000| Untracked 
|  45|0x0000000085f00000, 0x0000000085f00000, 0x0000000086000000|  0%| F|  |TAMS 0x0000000085f00000| PB 0x0000000085f00000| Untracked 
|  46|0x0000000086000000, 0x0000000086000000, 0x0000000086100000|  0%| F|  |TAMS 0x0000000086000000| PB 0x0000000086000000| Untracked 
|  47|0x0000000086100000, 0x0000000086100000, 0x0000000086200000|  0%| F|  |TAMS 0x0000000086100000| PB 0x0000000086100000| Untracked 
|  48|0x0000000086200000, 0x0000000086200000, 0x0000000086300000|  0%| F|  |TAMS 0x0000000086200000| PB 0x0000000086200000| Untracked 
|  49|0x0000000086300000, 0x0000000086300000, 0x0000000086400000|  0%| F|  |TAMS 0x0000000086300000| PB 0x0000000086300000| Untracked 
|  50|0x0000000086400000, 0x0000000086400000, 0x0000000086500000|  0%| F|  |TAMS 0x0000000086400000| PB 0x0000000086400000| Untracked 
|  51|0x0000000086500000, 0x0000000086500000, 0x0000000086600000|  0%| F|  |TAMS 0x0000000086500000| PB 0x0000000086500000| Untracked 
|  52|0x0000000086600000, 0x0000000086600000, 0x0000000086700000|  0%| F|  |TAMS 0x0000000086600000| PB 0x0000000086600000| Untracked 
|  53|0x0000000086700000, 0x0000000086700000, 0x0000000086800000|  0%| F|  |TAMS 0x0000000086700000| PB 0x0000000086700000| Untracked 
|  54|0x0000000086800000, 0x0000000086800000, 0x0000000086900000|  0%| F|  |TAMS 0x0000000086800000| PB 0x0000000086800000| Untracked 
|  55|0x0000000086900000, 0x0000000086900000, 0x0000000086a00000|  0%| F|  |TAMS 0x0000000086900000| PB 0x0000000086900000| Untracked 
|  56|0x0000000086a00000, 0x0000000086a00000, 0x0000000086b00000|  0%| F|  |TAMS 0x0000000086a00000| PB 0x0000000086a00000| Untracked 
|  57|0x0000000086b00000, 0x0000000086b00000, 0x0000000086c00000|  0%| F|  |TAMS 0x0000000086b00000| PB 0x0000000086b00000| Untracked 
|  58|0x0000000086c00000, 0x0000000086c00000, 0x0000000086d00000|  0%| F|  |TAMS 0x0000000086c00000| PB 0x0000000086c00000| Untracked 
|  59|0x0000000086d00000, 0x0000000086d00000, 0x0000000086e00000|  0%| F|  |TAMS 0x0000000086d00000| PB 0x0000000086d00000| Untracked 
|  60|0x0000000086e00000, 0x0000000086e00000, 0x0000000086f00000|  0%| F|  |TAMS 0x0000000086e00000| PB 0x0000000086e00000| Untracked 
|  61|0x0000000086f00000, 0x0000000086f00000, 0x0000000087000000|  0%| F|  |TAMS 0x0000000086f00000| PB 0x0000000086f00000| Untracked 
|  62|0x0000000087000000, 0x0000000087000000, 0x0000000087100000|  0%| F|  |TAMS 0x0000000087000000| PB 0x0000000087000000| Untracked 
|  63|0x0000000087100000, 0x0000000087100000, 0x0000000087200000|  0%| F|  |TAMS 0x0000000087100000| PB 0x0000000087100000| Untracked 
|  64|0x0000000087200000, 0x0000000087200000, 0x0000000087300000|  0%| F|  |TAMS 0x0000000087200000| PB 0x0000000087200000| Untracked 
|  65|0x0000000087300000, 0x0000000087300000, 0x0000000087400000|  0%| F|  |TAMS 0x0000000087300000| PB 0x0000000087300000| Untracked 
|  66|0x0000000087400000, 0x0000000087400000, 0x0000000087500000|  0%| F|  |TAMS 0x0000000087400000| PB 0x0000000087400000| Untracked 
|  67|0x0000000087500000, 0x0000000087500000, 0x0000000087600000|  0%| F|  |TAMS 0x0000000087500000| PB 0x0000000087500000| Untracked 
|  68|0x0000000087600000, 0x0000000087600000, 0x0000000087700000|  0%| F|  |TAMS 0x0000000087600000| PB 0x0000000087600000| Untracked 
|  69|0x0000000087700000, 0x0000000087700000, 0x0000000087800000|  0%| F|  |TAMS 0x0000000087700000| PB 0x0000000087700000| Untracked 
|  70|0x0000000087800000, 0x0000000087800000, 0x0000000087900000|  0%| F|  |TAMS 0x0000000087800000| PB 0x0000000087800000| Untracked 
|  71|0x0000000087900000, 0x0000000087900000, 0x0000000087a00000|  0%| F|  |TAMS 0x0000000087900000| PB 0x0000000087900000| Untracked 
|  72|0x0000000087a00000, 0x0000000087a00000, 0x0000000087b00000|  0%| F|  |TAMS 0x0000000087a00000| PB 0x0000000087a00000| Untracked 
|  73|0x0000000087b00000, 0x0000000087b00000, 0x0000000087c00000|  0%| F|  |TAMS 0x0000000087b00000| PB 0x0000000087b00000| Untracked 
|  74|0x0000000087c00000, 0x0000000087c00000, 0x0000000087d00000|  0%| F|  |TAMS 0x0000000087c00000| PB 0x0000000087c00000| Untracked 
|  75|0x0000000087d00000, 0x0000000087d00000, 0x0000000087e00000|  0%| F|  |TAMS 0x0000000087d00000| PB 0x0000000087d00000| Untracked 
|  76|0x0000000087e00000, 0x0000000087e00000, 0x0000000087f00000|  0%| F|  |TAMS 0x0000000087e00000| PB 0x0000000087e00000| Untracked 
|  77|0x0000000087f00000, 0x0000000087f00000, 0x0000000088000000|  0%| F|  |TAMS 0x0000000087f00000| PB 0x0000000087f00000| Untracked 
|  78|0x0000000088000000, 0x0000000088000000, 0x0000000088100000|  0%| F|  |TAMS 0x0000000088000000| PB 0x0000000088000000| Untracked 
|  79|0x0000000088100000, 0x0000000088100000, 0x0000000088200000|  0%| F|  |TAMS 0x0000000088100000| PB 0x0000000088100000| Untracked 
|  80|0x0000000088200000, 0x0000000088200000, 0x0000000088300000|  0%| F|  |TAMS 0x0000000088200000| PB 0x0000000088200000| Untracked 
|  81|0x0000000088300000, 0x0000000088300000, 0x0000000088400000|  0%| F|  |TAMS 0x0000000088300000| PB 0x0000000088300000| Untracked 
|  82|0x0000000088400000, 0x0000000088400000, 0x0000000088500000|  0%| F|  |TAMS 0x0000000088400000| PB 0x0000000088400000| Untracked 
|  83|0x0000000088500000, 0x0000000088500000, 0x0000000088600000|  0%| F|  |TAMS 0x0000000088500000| PB 0x0000000088500000| Untracked 
|  84|0x0000000088600000, 0x0000000088600000, 0x0000000088700000|  0%| F|  |TAMS 0x0000000088600000| PB 0x0000000088600000| Untracked 
|  85|0x0000000088700000, 0x0000000088700000, 0x0000000088800000|  0%| F|  |TAMS 0x0000000088700000| PB 0x0000000088700000| Untracked 
|  86|0x0000000088800000, 0x0000000088800000, 0x0000000088900000|  0%| F|  |TAMS 0x0000000088800000| PB 0x0000000088800000| Untracked 
|  87|0x0000000088900000, 0x0000000088900000, 0x0000000088a00000|  0%| F|  |TAMS 0x0000000088900000| PB 0x0000000088900000| Untracked 
|  88|0x0000000088a00000, 0x0000000088a00000, 0x0000000088b00000|  0%| F|  |TAMS 0x0000000088a00000| PB 0x0000000088a00000| Untracked 
|  89|0x0000000088b00000, 0x0000000088b00000, 0x0000000088c00000|  0%| F|  |TAMS 0x0000000088b00000| PB 0x0000000088b00000| Untracked 
|  90|0x0000000088c00000, 0x0000000088c00000, 0x0000000088d00000|  0%| F|  |TAMS 0x0000000088c00000| PB 0x0000000088c00000| Untracked 
|  91|0x0000000088d00000, 0x0000000088d00000, 0x0000000088e00000|  0%| F|  |TAMS 0x0000000088d00000| PB 0x0000000088d00000| Untracked 
|  92|0x0000000088e00000, 0x0000000088e00000, 0x0000000088f00000|  0%| F|  |TAMS 0x0000000088e00000| PB 0x0000000088e00000| Untracked 
|  93|0x0000000088f00000, 0x0000000088f00000, 0x0000000089000000|  0%| F|  |TAMS 0x0000000088f00000| PB 0x0000000088f00000| Untracked 
|  94|0x0000000089000000, 0x0000000089000000, 0x0000000089100000|  0%| F|  |TAMS 0x0000000089000000| PB 0x0000000089000000| Untracked 
|  95|0x0000000089100000, 0x0000000089100000, 0x0000000089200000|  0%| F|  |TAMS 0x0000000089100000| PB 0x0000000089100000| Untracked 
|  96|0x0000000089200000, 0x0000000089200000, 0x0000000089300000|  0%| F|  |TAMS 0x0000000089200000| PB 0x0000000089200000| Untracked 
|  97|0x0000000089300000, 0x0000000089300000, 0x0000000089400000|  0%| F|  |TAMS 0x0000000089300000| PB 0x0000000089300000| Untracked 
|  98|0x0000000089400000, 0x0000000089400000, 0x0000000089500000|  0%| F|  |TAMS 0x0000000089400000| PB 0x0000000089400000| Untracked 
|  99|0x0000000089500000, 0x0000000089500000, 0x0000000089600000|  0%| F|  |TAMS 0x0000000089500000| PB 0x0000000089500000| Untracked 
| 100|0x0000000089600000, 0x0000000089600000, 0x0000000089700000|  0%| F|  |TAMS 0x0000000089600000| PB 0x0000000089600000| Untracked 
| 101|0x0000000089700000, 0x0000000089700000, 0x0000000089800000|  0%| F|  |TAMS 0x0000000089700000| PB 0x0000000089700000| Untracked 
| 102|0x0000000089800000, 0x0000000089800000, 0x0000000089900000|  0%| F|  |TAMS 0x0000000089800000| PB 0x0000000089800000| Untracked 
| 103|0x0000000089900000, 0x0000000089900000, 0x0000000089a00000|  0%| F|  |TAMS 0x0000000089900000| PB 0x0000000089900000| Untracked 
| 104|0x0000000089a00000, 0x0000000089a00000, 0x0000000089b00000|  0%| F|  |TAMS 0x0000000089a00000| PB 0x0000000089a00000| Untracked 
| 105|0x0000000089b00000, 0x0000000089b00000, 0x0000000089c00000|  0%| F|  |TAMS 0x0000000089b00000| PB 0x0000000089b00000| Untracked 
| 106|0x0000000089c00000, 0x0000000089c00000, 0x0000000089d00000|  0%| F|  |TAMS 0x0000000089c00000| PB 0x0000000089c00000| Untracked 
| 107|0x0000000089d00000, 0x0000000089d00000, 0x0000000089e00000|  0%| F|  |TAMS 0x0000000089d00000| PB 0x0000000089d00000| Untracked 
| 108|0x0000000089e00000, 0x0000000089e00000, 0x0000000089f00000|  0%| F|  |TAMS 0x0000000089e00000| PB 0x0000000089e00000| Untracked 
| 109|0x0000000089f00000, 0x0000000089f00000, 0x000000008a000000|  0%| F|  |TAMS 0x0000000089f00000| PB 0x0000000089f00000| Untracked 
| 110|0x000000008a000000, 0x000000008a000000, 0x000000008a100000|  0%| F|  |TAMS 0x000000008a000000| PB 0x000000008a000000| Untracked 
| 111|0x000000008a100000, 0x000000008a200000, 0x000000008a200000|100%| S|CS|TAMS 0x000000008a100000| PB 0x000000008a100000| Complete 
| 112|0x000000008a200000, 0x000000008a300000, 0x000000008a300000|100%| S|CS|TAMS 0x000000008a200000| PB 0x000000008a200000| Complete 
| 113|0x000000008a300000, 0x000000008a300000, 0x000000008a400000|  0%| F|  |TAMS 0x000000008a300000| PB 0x000000008a300000| Untracked 
| 114|0x000000008a400000, 0x000000008a400000, 0x000000008a500000|  0%| F|  |TAMS 0x000000008a400000| PB 0x000000008a400000| Untracked 
| 115|0x000000008a500000, 0x000000008a500000, 0x000000008a600000|  0%| F|  |TAMS 0x000000008a500000| PB 0x000000008a500000| Untracked 
| 116|0x000000008a600000, 0x000000008a6e2c08, 0x000000008a700000| 88%| E|  |TAMS 0x000000008a600000| PB 0x000000008a600000| Complete 
| 117|0x000000008a700000, 0x000000008a800000, 0x000000008a800000|100%| E|CS|TAMS 0x000000008a700000| PB 0x000000008a700000| Complete 
| 118|0x000000008a800000, 0x000000008a900000, 0x000000008a900000|100%| E|CS|TAMS 0x000000008a800000| PB 0x000000008a800000| Complete 
| 119|0x000000008a900000, 0x000000008aa00000, 0x000000008aa00000|100%| E|CS|TAMS 0x000000008a900000| PB 0x000000008a900000| Complete 
| 120|0x000000008aa00000, 0x000000008ab00000, 0x000000008ab00000|100%| E|CS|TAMS 0x000000008aa00000| PB 0x000000008aa00000| Complete 
| 121|0x000000008ab00000, 0x000000008ac00000, 0x000000008ac00000|100%| E|CS|TAMS 0x000000008ab00000| PB 0x000000008ab00000| Complete 
| 122|0x000000008ac00000, 0x000000008ad00000, 0x000000008ad00000|100%| E|CS|TAMS 0x000000008ac00000| PB 0x000000008ac00000| Complete 
| 123|0x000000008ad00000, 0x000000008ae00000, 0x000000008ae00000|100%| E|CS|TAMS 0x000000008ad00000| PB 0x000000008ad00000| Complete 
| 124|0x000000008ae00000, 0x000000008af00000, 0x000000008af00000|100%| E|CS|TAMS 0x000000008ae00000| PB 0x000000008ae00000| Complete 
| 125|0x000000008af00000, 0x000000008b000000, 0x000000008b000000|100%| E|CS|TAMS 0x000000008af00000| PB 0x000000008af00000| Complete 

Card table byte_map: [0x0000014c1c570000,0x0000014c1c960000] _byte_map_base: 0x0000014c1c157000

Marking Bits: (CMBitMap*) 0x0000014c04d7e310
 Bits: [0x0000014c1c960000, 0x0000014c1e898000)

Polling page: 0x0000014c02ca0000

Metaspace:

Usage:
  Non-class:      9.11 MB used.
      Class:   1002.45 KB used.
       Both:     10.09 MB used.

Virtual space:
  Non-class space:       64.00 MB reserved,       9.25 MB ( 14%) committed,  1 nodes.
      Class space:        1.00 GB reserved,       1.12 MB ( <1%) committed,  1 nodes.
             Both:        1.06 GB reserved,      10.38 MB ( <1%) committed. 

Chunk freelists:
   Non-Class:  6.42 MB
       Class:  14.73 MB
        Both:  21.16 MB

MaxMetaspaceSize: unlimited
CompressedClassSpaceSize: 1.00 GB
Initial GC threshold: 21.00 MB
Current GC threshold: 21.00 MB
CDS: on
 - commit_granule_bytes: 65536.
 - commit_granule_words: 8192.
 - virtual_space_node_default_size: 8388608.
 - enlarge_chunks_in_place: 1.
 - use_allocation_guard: 0.


Internal statistics:

num_allocs_failed_limit: 0.
num_arena_births: 214.
num_arena_deaths: 0.
num_vsnodes_births: 2.
num_vsnodes_deaths: 0.
num_space_committed: 166.
num_space_uncommitted: 0.
num_chunks_returned_to_freelist: 0.
num_chunks_taken_from_freelist: 313.
num_chunk_merges: 0.
num_chunk_splits: 198.
num_chunks_enlarged: 107.
num_inconsistent_stats: 0.

CodeHeap 'non-profiled nmethods': size=120000Kb used=472Kb max_used=472Kb free=119528Kb
 bounds [0x0000014c14c50000, 0x0000014c14ec0000, 0x0000014c1c180000]
CodeHeap 'profiled nmethods': size=120000Kb used=2565Kb max_used=2565Kb free=117434Kb
 bounds [0x0000014c0d180000, 0x0000014c0d410000, 0x0000014c146b0000]
CodeHeap 'non-nmethods': size=5760Kb used=1574Kb max_used=1590Kb free=4185Kb
 bounds [0x0000014c146b0000, 0x0000014c14920000, 0x0000014c14c50000]
 total_blobs=2154 nmethods=1521 adapters=538
 compilation: enabled
              stopped_count=0, restarted_count=0
 full_count=0

Compilation events (20 events):
Event: 5.434 Thread 0x0000014c20d56080 1511       4       org.example.quoridor.model.BoardModel::isFree (111 bytes)
Event: 5.437 Thread 0x0000014c20d56080 nmethod 1511 0x0000014c14cc5490 code [0x0000014c14cc5640, 0x0000014c14cc5848]
Event: 5.437 Thread 0x0000014c20d56080 1513 %     4       sun.awt.image.OffScreenImageSource::sendPixels @ 669 (733 bytes)
Event: 5.444 Thread 0x0000014c20db5fa0 1518       3       sun.awt.image.ImageWatched::newInfo (25 bytes)
Event: 5.444 Thread 0x0000014c20db5fa0 nmethod 1518 0x0000014c0d3fd210 code [0x0000014c0d3fd3c0, 0x0000014c0d3fd540]
Event: 5.445 Thread 0x0000014c20db5fa0 1519       3       sun.awt.image.IntegerInterleavedRaster::setDataElements (134 bytes)
Event: 5.447 Thread 0x0000014c20db5fa0 nmethod 1519 0x0000014c0d3fd690 code [0x0000014c0d3fd880, 0x0000014c0d3fdf20]
Event: 5.450 Thread 0x0000014c20db5fa0 1520       3       java.awt.Component::getCursor_NoClientCode (30 bytes)
Event: 5.451 Thread 0x0000014c20db5fa0 nmethod 1520 0x0000014c0d3fe190 code [0x0000014c0d3fe380, 0x0000014c0d3fe720]
Event: 5.451 Thread 0x0000014c20db5fa0 1521       3       java.awt.image.BufferedImage::getWidth (8 bytes)
Event: 5.452 Thread 0x0000014c20db5fa0 nmethod 1521 0x0000014c0d3fe890 code [0x0000014c0d3fea20, 0x0000014c0d3feb50]
Event: 5.452 Thread 0x0000014c20db5fa0 1522       3       java.awt.image.BufferedImage::getHeight (8 bytes)
Event: 5.452 Thread 0x0000014c20db5fa0 nmethod 1522 0x0000014c0d3fec10 code [0x0000014c0d3feda0, 0x0000014c0d3feed0]
Event: 5.454 Thread 0x0000014c20db5fa0 1523       3       org.example.quoridor.Field::paintComponent (154 bytes)
Event: 5.457 Thread 0x0000014c20db5fa0 nmethod 1523 0x0000014c0d3fef90 code [0x0000014c0d3ff2a0, 0x0000014c0d4004f0]
Event: 5.457 Thread 0x0000014c20db5fa0 1524       3       kotlin.jvm.internal.Intrinsics::checkNotNull (9 bytes)
Event: 5.457 Thread 0x0000014c20db5fa0 nmethod 1524 0x0000014c0d400990 code [0x0000014c0d400ba0, 0x0000014c0d401080]
Event: 5.467 Thread 0x0000014c20db5fa0 1526       3       java.awt.Component::getAccessControlContext (22 bytes)
Event: 5.467 Thread 0x0000014c20db5fa0 nmethod 1526 0x0000014c0d401290 code [0x0000014c0d401440, 0x0000014c0d401620]
Event: 5.470 Thread 0x0000014c66a517a0 1525       4       java.awt.image.ReplicateScaleFilter::setPixels (225 bytes)

GC Heap History (2 events):
Event: 4.658 GC heap before
{Heap before GC invocations=0 (full 0):
 garbage-first heap   total 129024K, used 13312K [0x0000000083200000, 0x0000000100000000)
  region size 1024K, 13 young (13312K), 0 survivors (0K)
 Metaspace       used 9643K, committed 9920K, reserved 1114112K
  class space    used 929K, committed 1024K, reserved 1048576K
}
Event: 4.672 GC heap after
{Heap after GC invocations=1 (full 0):
 garbage-first heap   total 129024K, used 3552K [0x0000000083200000, 0x0000000100000000)
  region size 1024K, 2 young (2048K), 2 survivors (2048K)
 Metaspace       used 9643K, committed 9920K, reserved 1114112K
  class space    used 929K, committed 1024K, reserved 1048576K
}

Dll operation events (13 events):
Event: 0.025 Loaded shared library C:\Users\Fedor\.jdks\openjdk-21.0.1\bin\java.dll
Event: 0.134 Loaded shared library C:\Users\Fedor\.jdks\openjdk-21.0.1\bin\jsvml.dll
Event: 0.370 Loaded shared library C:\Users\Fedor\.jdks\openjdk-21.0.1\bin\zip.dll
Event: 0.383 Loaded shared library C:\Users\Fedor\.jdks\openjdk-21.0.1\bin\instrument.dll
Event: 0.395 Loaded shared library C:\Users\Fedor\.jdks\openjdk-21.0.1\bin\net.dll
Event: 0.398 Loaded shared library C:\Users\Fedor\.jdks\openjdk-21.0.1\bin\nio.dll
Event: 0.407 Loaded shared library C:\Users\Fedor\.jdks\openjdk-21.0.1\bin\zip.dll
Event: 0.466 Loaded shared library C:\Program Files\JetBrains\IntelliJ IDEA Community Edition 2023.2.3\bin\breakgen64.dll
Event: 0.521 Loaded shared library C:\Users\Fedor\.jdks\openjdk-21.0.1\bin\extnet.dll
Event: 0.539 Loaded shared library C:\Users\Fedor\.jdks\openjdk-21.0.1\bin\jimage.dll
Event: 0.609 Loaded shared library C:\Users\Fedor\.jdks\openjdk-21.0.1\bin\awt.dll
Event: 4.418 Loaded shared library C:\Users\Fedor\.jdks\openjdk-21.0.1\bin\freetype.dll
Event: 4.423 Loaded shared library C:\Users\Fedor\.jdks\openjdk-21.0.1\bin\fontmanager.dll

Deoptimization events (20 events):
Event: 4.760 Thread 0x0000014c66353cd0 Uncommon trap: trap_request=0xffffff45 fr.pc=0x0000014c14c86150 relative=0x00000000000000b0
Event: 4.760 Thread 0x0000014c66353cd0 Uncommon trap: reason=unstable_if action=reinterpret pc=0x0000014c14c86150 method=java.util.HashMap.hash(Ljava/lang/Object;)I @ 1 c2
Event: 4.760 Thread 0x0000014c66353cd0 DEOPT PACKING pc=0x0000014c14c86150 sp=0x00000021e83fe660
Event: 4.760 Thread 0x0000014c66353cd0 DEOPT UNPACKING pc=0x0000014c1470469c sp=0x00000021e83fe5f8 mode 2
Event: 4.761 Thread 0x0000014c66353cd0 Uncommon trap: trap_request=0xffffff45 fr.pc=0x0000014c14cb1e0c relative=0x000000000000006c
Event: 4.761 Thread 0x0000014c66353cd0 Uncommon trap: reason=unstable_if action=reinterpret pc=0x0000014c14cb1e0c method=jdk.internal.logger.LazyLoggers$LazyLoggerAccessor.platform()Lsun/util/logging/PlatformLogger$Bridge; @ 6 c2
Event: 4.761 Thread 0x0000014c66353cd0 DEOPT PACKING pc=0x0000014c14cb1e0c sp=0x00000021e83fe050
Event: 4.761 Thread 0x0000014c66353cd0 DEOPT UNPACKING pc=0x0000014c1470469c sp=0x00000021e83fdfd0 mode 2
Event: 4.780 Thread 0x0000014c66353cd0 Uncommon trap: trap_request=0xffffff45 fr.pc=0x0000014c14cb0bf4 relative=0x0000000000000054
Event: 4.780 Thread 0x0000014c66353cd0 Uncommon trap: reason=unstable_if action=reinterpret pc=0x0000014c14cb0bf4 method=java.awt.Component.isValid()Z @ 11 c2
Event: 4.780 Thread 0x0000014c66353cd0 DEOPT PACKING pc=0x0000014c14cb0bf4 sp=0x00000021e83fe730
Event: 4.781 Thread 0x0000014c66353cd0 DEOPT UNPACKING pc=0x0000014c1470469c sp=0x00000021e83fe6c0 mode 2
Event: 4.891 Thread 0x0000014c66353cd0 Uncommon trap: trap_request=0xffffffde fr.pc=0x0000014c14c76400 relative=0x0000000000000660
Event: 4.891 Thread 0x0000014c66353cd0 Uncommon trap: reason=class_check action=maybe_recompile pc=0x0000014c14c76400 method=java.util.regex.Pattern$Start.match(Ljava/util/regex/Matcher;ILjava/lang/CharSequence;)Z @ 44 c2
Event: 4.892 Thread 0x0000014c66353cd0 DEOPT PACKING pc=0x0000014c14c76400 sp=0x00000021e83fe710
Event: 4.892 Thread 0x0000014c66353cd0 DEOPT UNPACKING pc=0x0000014c1470469c sp=0x00000021e83fe670 mode 2
Event: 5.378 Thread 0x0000014c66353cd0 Uncommon trap: trap_request=0xffffff45 fr.pc=0x0000014c14cc22b8 relative=0x0000000000000098
Event: 5.378 Thread 0x0000014c66353cd0 Uncommon trap: reason=unstable_if action=reinterpret pc=0x0000014c14cc22b8 method=java.awt.Component.inside(II)Z @ 13 c2
Event: 5.378 Thread 0x0000014c66353cd0 DEOPT PACKING pc=0x0000014c14cc22b8 sp=0x00000021e83fe540
Event: 5.378 Thread 0x0000014c66353cd0 DEOPT UNPACKING pc=0x0000014c1470469c sp=0x00000021e83fe3d0 mode 2

Classes loaded (20 events):
Event: 4.893 Loading class java/awt/Container$MouseEventTargetFilter
Event: 4.893 Loading class java/awt/Container$EventTargetFilter
Event: 4.893 Loading class java/awt/Container$EventTargetFilter done
Event: 4.893 Loading class java/awt/Container$MouseEventTargetFilter done
Event: 4.893 Loading class java/awt/LightweightDispatcher$1
Event: 4.893 Loading class java/awt/LightweightDispatcher$1 done
Event: 4.893 Loading class java/awt/event/AWTEventListenerProxy
Event: 4.893 Loading class java/awt/event/AWTEventListenerProxy done
Event: 4.894 Loading class java/awt/Toolkit$SelectiveAWTEventListener
Event: 4.894 Loading class java/awt/Toolkit$SelectiveAWTEventListener done
Event: 4.894 Loading class java/awt/Toolkit$ToolkitEventMulticaster
Event: 4.894 Loading class java/awt/Toolkit$ToolkitEventMulticaster done
Event: 4.894 Loading class java/awt/event/ContainerEvent
Event: 4.894 Loading class java/awt/event/ContainerEvent done
Event: 4.895 Loading class java/util/Arrays$ArrayItr
Event: 4.895 Loading class java/util/Arrays$ArrayItr done
Event: 5.381 Loading class java/util/NoSuchElementException
Event: 5.381 Loading class java/util/NoSuchElementException done
Event: 5.407 Loading class java/util/Collections$SingletonList
Event: 5.407 Loading class java/util/Collections$SingletonList done

Classes unloaded (0 events):
No events

Classes redefined (0 events):
No events

Internal exceptions (20 events):
Event: 0.524 Thread 0x0000014c66209e20 Exception <a 'java/lang/NoSuchMethodError'{0x000000008ad8dfa0}: 'void java.lang.invoke.DirectMethodHandle$Holder.invokeStatic(java.lang.Object, java.lang.Object)'> (0x000000008ad8dfa0) 
thrown [s\open\src\hotspot\share\interpreter\linkResolver.cpp, line 773]
Event: 0.655 Thread 0x0000014c02aee360 Exception <a 'java/io/FileNotFoundException'{0x000000008adf0fc8}> (0x000000008adf0fc8) 
thrown [s\open\src\hotspot\share\prims\jni.cpp, line 520]
Event: 0.695 Thread 0x0000014c02aee360 Exception <a 'java/io/FileNotFoundException'{0x000000008ac1b910}> (0x000000008ac1b910) 
thrown [s\open\src\hotspot\share\prims\jni.cpp, line 520]
Event: 0.879 Thread 0x0000014c20d53e30 Exception <a 'java/lang/NoSuchMethodError'{0x000000008ab1fdf8}: 'java.lang.Object java.lang.invoke.DirectMethodHandle$Holder.invokeStaticInit(java.lang.Object, int)'> (0x000000008ab1fdf8) 
thrown [s\open\src\hotspot\share\interpreter\linkResolver.cpp, line 773]
Event: 0.899 Thread 0x0000014c20d53e30 Exception <a 'java/lang/NoSuchMethodError'{0x000000008ab66c28}: 'java.lang.Object java.lang.invoke.Invokers$Holder.invokeExact_MT(java.lang.Object, java.lang.Object, java.lang.Object, java.lang.Object, java.lang.Object, java.lang.Object)'> (0x000000008ab66c28) 
thrown [s\open\src\hotspot\share\interpreter\linkResolver.cpp, line 773]
Event: 1.059 Thread 0x0000014c66353cd0 Exception <a 'java/lang/NoSuchMethodError'{0x000000008aa767b8}: 'void java.lang.invoke.DirectMethodHandle$Holder.invokeSpecial(java.lang.Object, java.lang.Object, java.lang.Object)'> (0x000000008aa767b8) 
thrown [s\open\src\hotspot\share\interpreter\linkResolver.cpp, line 773]
Event: 1.089 Thread 0x0000014c66353cd0 Exception <a 'java/lang/NoSuchMethodError'{0x000000008aa9bf58}: 'java.lang.Object java.lang.invoke.DirectMethodHandle$Holder.newInvokeSpecial(java.lang.Object, java.lang.Object, java.lang.Object, java.lang.Object, java.lang.Object)'> (0x000000008aa9bf58) 
thrown [s\open\src\hotspot\share\interpreter\linkResolver.cpp, line 773]
Event: 1.109 Thread 0x0000014c66353cd0 Exception <a 'java/lang/NoSuchMethodError'{0x000000008aac72d0}: 'java.lang.Object java.lang.invoke.DirectMethodHandle$Holder.invokeStatic(java.lang.Object, int, java.lang.Object)'> (0x000000008aac72d0) 
thrown [s\open\src\hotspot\share\interpreter\linkResolver.cpp, line 773]
Event: 1.183 Thread 0x0000014c66353cd0 Exception <a 'java/lang/ClassNotFoundException'{0x000000008a99e5d8}: com/sun/swing/internal/plaf/metal/resources/spi/metalProvider> (0x000000008a99e5d8) 
thrown [s\open\src\hotspot\share\classfile\systemDictionary.cpp, line 312]
Event: 1.188 Thread 0x0000014c66353cd0 Exception <a 'java/lang/ClassNotFoundException'{0x000000008a9a2588}: com/sun/swing/internal/plaf/basic/resources/spi/basicProvider> (0x000000008a9a2588) 
thrown [s\open\src\hotspot\share\classfile\systemDictionary.cpp, line 312]
Event: 1.214 Thread 0x0000014c66353cd0 Implicit null exception at 0x0000014c14c84f6d to 0x0000014c14c85889
Event: 1.224 Thread 0x0000014c66353cd0 Exception <a 'java/lang/NoSuchMethodError'{0x000000008a9be728}: 'int java.lang.invoke.Invokers$Holder.invokeExact_MT(java.lang.Object, java.lang.Object)'> (0x000000008a9be728) 
thrown [s\open\src\hotspot\share\interpreter\linkResolver.cpp, line 773]
Event: 1.387 Thread 0x0000014c66353cd0 Exception <a 'java/lang/NoSuchMethodError'{0x000000008a8460d0}: 'java.lang.Object java.lang.invoke.DirectMethodHandle$Holder.invokeStaticInit(java.lang.Object, int, int, int, int)'> (0x000000008a8460d0) 
thrown [s\open\src\hotspot\share\interpreter\linkResolver.cpp, line 773]
Event: 1.421 Thread 0x0000014c66353cd0 Exception <a 'java/lang/NoSuchMethodError'{0x000000008a86ae90}: 'java.lang.Object java.lang.invoke.DirectMethodHandle$Holder.invokeStaticInit(java.lang.Object, java.lang.Object, int, int, int, int)'> (0x000000008a86ae90) 
thrown [s\open\src\hotspot\share\interpreter\linkResolver.cpp, line 773]
Event: 4.299 Thread 0x0000014c66353cd0 Exception <a 'java/lang/NoSuchMethodError'{0x000000008a4d78b8}: 'java.lang.Object java.lang.invoke.DirectMethodHandle$Holder.invokeSpecial(java.lang.Object, java.lang.Object, int, java.lang.Object, int)'> (0x000000008a4d78b8) 
thrown [s\open\src\hotspot\share\interpreter\linkResolver.cpp, line 773]
Event: 4.405 Thread 0x0000014c66353cd0 Exception <a 'java/lang/NoSuchMethodError'{0x000000008a326248}: 'void java.lang.invoke.DirectMethodHandle$Holder.invokeStaticInit(java.lang.Object)'> (0x000000008a326248) 
thrown [s\open\src\hotspot\share\interpreter\linkResolver.cpp, line 773]
Event: 4.654 Thread 0x0000014c66353cd0 Implicit null exception at 0x0000014c14cad32e to 0x0000014c14cad458
Event: 4.696 Thread 0x0000014c6633a020 Exception <a 'java/lang/NoSuchMethodError'{0x000000008af55e18}: 'void java.lang.invoke.DirectMethodHandle$Holder.invokeVirtual(java.lang.Object, java.lang.Object)'> (0x000000008af55e18) 
thrown [s\open\src\hotspot\share\interpreter\linkResolver.cpp, line 773]
Event: 4.702 Thread 0x0000014c66353cd0 Implicit null exception at 0x0000014c14cb0f15 to 0x0000014c14cb1004
Event: 4.760 Thread 0x0000014c66353cd0 Implicit null exception at 0x0000014c14c860bd to 0x0000014c14c86141

ZGC Phase Switch (0 events):
No events

VM Operations (20 events):
Event: 1.265 Executing VM operation: HandshakeAllThreads (Deoptimize)
Event: 1.265 Executing VM operation: HandshakeAllThreads (Deoptimize) done
Event: 1.265 Executing VM operation: Cleanup
Event: 1.265 Executing VM operation: Cleanup done
Event: 1.310 Executing VM operation: HandshakeAllThreads (Deoptimize)
Event: 1.310 Executing VM operation: HandshakeAllThreads (Deoptimize) done
Event: 2.322 Executing VM operation: Cleanup
Event: 2.322 Executing VM operation: Cleanup done
Event: 3.347 Executing VM operation: Cleanup
Event: 3.653 Executing VM operation: Cleanup done
Event: 4.356 Executing VM operation: HandshakeAllThreads (Deoptimize)
Event: 4.356 Executing VM operation: HandshakeAllThreads (Deoptimize) done
Event: 4.372 Executing VM operation: HandshakeAllThreads (Deoptimize)
Event: 4.372 Executing VM operation: HandshakeAllThreads (Deoptimize) done
Event: 4.557 Executing VM operation: HandshakeAllThreads (Deoptimize)
Event: 4.557 Executing VM operation: HandshakeAllThreads (Deoptimize) done
Event: 4.658 Executing VM operation: G1CollectForAllocation (G1 Evacuation Pause)
Event: 4.672 Executing VM operation: G1CollectForAllocation (G1 Evacuation Pause) done
Event: 4.766 Executing VM operation: HandshakeAllThreads (Deoptimize)
Event: 4.766 Executing VM operation: HandshakeAllThreads (Deoptimize) done

Events (20 events):
Event: 0.122 Thread 0x0000014c20d4cd00 Thread added: 0x0000014c20d4cd00
Event: 0.123 Thread 0x0000014c20d52fc0 Thread added: 0x0000014c20d52fc0
Event: 0.123 Thread 0x0000014c20d53e30 Thread added: 0x0000014c20d53e30
Event: 0.123 Thread 0x0000014c20d54890 Thread added: 0x0000014c20d54890
Event: 0.123 Thread 0x0000014c20d552f0 Thread added: 0x0000014c20d552f0
Event: 0.123 Thread 0x0000014c20d56080 Thread added: 0x0000014c20d56080
Event: 0.136 Thread 0x0000014c20db5fa0 Thread added: 0x0000014c20db5fa0
Event: 0.299 Thread 0x0000014c6603cf30 Thread added: 0x0000014c6603cf30
Event: 0.468 Thread 0x0000014c66209e20 Thread added: 0x0000014c66209e20
Event: 0.468 Thread 0x0000014c6620a490 Thread added: 0x0000014c6620a490
Event: 0.925 Thread 0x0000014c6631c7d0 Thread added: 0x0000014c6631c7d0
Event: 0.928 Thread 0x0000014c6631d2c0 Thread added: 0x0000014c6631d2c0
Event: 0.931 Thread 0x0000014c6633a020 Thread added: 0x0000014c6633a020
Event: 0.960 Thread 0x0000014c66353cd0 Thread added: 0x0000014c66353cd0
Event: 0.961 Thread 0x0000014c02aee360 Thread exited: 0x0000014c02aee360
Event: 0.961 Thread 0x0000014c02aee360 Thread added: 0x0000014c02aee360
Event: 1.516 Thread 0x0000014c667ba420 Thread added: 0x0000014c667ba420
Event: 1.648 Thread 0x0000014c667ba420 Thread exited: 0x0000014c667ba420
Event: 4.305 Thread 0x0000014c6690ec70 Thread added: 0x0000014c6690ec70
Event: 5.444 Thread 0x0000014c66a517a0 Thread added: 0x0000014c66a517a0


Dynamic libraries:
0x00007ff64c1e0000 - 0x00007ff64c1ee000 	C:\Users\Fedor\.jdks\openjdk-21.0.1\bin\java.exe
0x00007fff8b650000 - 0x00007fff8b848000 	C:\WINDOWS\SYSTEM32\ntdll.dll
0x00007fff89990000 - 0x00007fff89a4d000 	C:\WINDOWS\System32\KERNEL32.DLL
0x00007fff88720000 - 0x00007fff88a16000 	C:\WINDOWS\System32\KERNELBASE.dll
0x00007fff88a20000 - 0x00007fff88b20000 	C:\WINDOWS\System32\ucrtbase.dll
0x00007fff6ebc0000 - 0x00007fff6ebd8000 	C:\Users\Fedor\.jdks\openjdk-21.0.1\bin\jli.dll
0x00007fff8a930000 - 0x00007fff8aace000 	C:\WINDOWS\System32\USER32.dll
0x00007fff884a0000 - 0x00007fff884c2000 	C:\WINDOWS\System32\win32u.dll
0x00007fff88f70000 - 0x00007fff88f9c000 	C:\WINDOWS\System32\GDI32.dll
0x00007fff88330000 - 0x00007fff8844a000 	C:\WINDOWS\System32\gdi32full.dll
0x00007fff88680000 - 0x00007fff8871d000 	C:\WINDOWS\System32\msvcp_win.dll
0x00007fff6b580000 - 0x00007fff6b59b000 	C:\Users\Fedor\.jdks\openjdk-21.0.1\bin\VCRUNTIME140.dll
0x00007fff7d760000 - 0x00007fff7d9fa000 	C:\WINDOWS\WinSxS\amd64_microsoft.windows.common-controls_6595b64144ccf1df_6.0.19041.3636_none_60b6a03d71f818d5\COMCTL32.dll
0x00007fff8a890000 - 0x00007fff8a92e000 	C:\WINDOWS\System32\msvcrt.dll
0x00007fff8b5e0000 - 0x00007fff8b610000 	C:\WINDOWS\System32\IMM32.DLL
0x00007fff738e0000 - 0x00007fff738ec000 	C:\Users\Fedor\.jdks\openjdk-21.0.1\bin\vcruntime140_1.dll
0x00007fff63800000 - 0x00007fff6388e000 	C:\Users\Fedor\.jdks\openjdk-21.0.1\bin\msvcp140.dll
0x00007fff4fa50000 - 0x00007fff50765000 	C:\Users\Fedor\.jdks\openjdk-21.0.1\bin\server\jvm.dll
0x00007fff89670000 - 0x00007fff89723000 	C:\WINDOWS\System32\ADVAPI32.dll
0x00007fff895d0000 - 0x00007fff8966f000 	C:\WINDOWS\System32\sechost.dll
0x00007fff88fa0000 - 0x00007fff890c6000 	C:\WINDOWS\System32\RPCRT4.dll
0x00007fff88c80000 - 0x00007fff88ca7000 	C:\WINDOWS\System32\bcrypt.dll
0x00007fff89920000 - 0x00007fff8998b000 	C:\WINDOWS\System32\WS2_32.dll
0x00007fff87880000 - 0x00007fff878cb000 	C:\WINDOWS\SYSTEM32\POWRPROF.dll
0x00007fff7cb40000 - 0x00007fff7cb67000 	C:\WINDOWS\SYSTEM32\WINMM.dll
0x00007fff7d3b0000 - 0x00007fff7d3ba000 	C:\WINDOWS\SYSTEM32\VERSION.dll
0x00007fff87750000 - 0x00007fff87762000 	C:\WINDOWS\SYSTEM32\UMPDC.dll
0x00007fff861f0000 - 0x00007fff86202000 	C:\WINDOWS\SYSTEM32\kernel.appcore.dll
0x00007fff73730000 - 0x00007fff7373a000 	C:\Users\Fedor\.jdks\openjdk-21.0.1\bin\jimage.dll
0x00007fff818f0000 - 0x00007fff81ad4000 	C:\WINDOWS\SYSTEM32\DBGHELP.DLL
0x00007fff81690000 - 0x00007fff816c4000 	C:\WINDOWS\SYSTEM32\dbgcore.DLL
0x00007fff88580000 - 0x00007fff88602000 	C:\WINDOWS\System32\bcryptPrimitives.dll
0x00007fff74ac0000 - 0x00007fff74acf000 	C:\Users\Fedor\.jdks\openjdk-21.0.1\bin\instrument.dll
0x00007fff6ae60000 - 0x00007fff6ae7f000 	C:\Users\Fedor\.jdks\openjdk-21.0.1\bin\java.dll
0x00007fff89ac0000 - 0x00007fff8a205000 	C:\WINDOWS\System32\SHELL32.dll
0x00007fff863f0000 - 0x00007fff86b8b000 	C:\WINDOWS\SYSTEM32\windows.storage.dll
0x00007fff8a320000 - 0x00007fff8a674000 	C:\WINDOWS\System32\combase.dll
0x00007fff87d60000 - 0x00007fff87d8d000 	C:\WINDOWS\SYSTEM32\Wldp.dll
0x00007fff8a210000 - 0x00007fff8a2bd000 	C:\WINDOWS\System32\SHCORE.dll
0x00007fff8a2c0000 - 0x00007fff8a315000 	C:\WINDOWS\System32\shlwapi.dll
0x00007fff88260000 - 0x00007fff88285000 	C:\WINDOWS\SYSTEM32\profapi.dll
0x00007fff5fb00000 - 0x00007fff5fbd7000 	C:\Users\Fedor\.jdks\openjdk-21.0.1\bin\jsvml.dll
0x00007fff692c0000 - 0x00007fff692d8000 	C:\Users\Fedor\.jdks\openjdk-21.0.1\bin\zip.dll
0x00007fff732e0000 - 0x00007fff732f0000 	C:\Users\Fedor\.jdks\openjdk-21.0.1\bin\net.dll
0x00007fff80e00000 - 0x00007fff80f0a000 	C:\WINDOWS\SYSTEM32\WINHTTP.dll
0x00007fff87ac0000 - 0x00007fff87b2a000 	C:\WINDOWS\system32\mswsock.dll
0x00007fff6a090000 - 0x00007fff6a0a6000 	C:\Users\Fedor\.jdks\openjdk-21.0.1\bin\nio.dll
0x00007fff73b50000 - 0x00007fff73b6a000 	C:\Program Files\JetBrains\IntelliJ IDEA Community Edition 2023.2.3\bin\breakgen64.dll
0x00007fff75d20000 - 0x00007fff75d27000 	C:\Users\Fedor\.jdks\openjdk-21.0.1\bin\extnet.dll
0x00007fff65900000 - 0x00007fff65a8e000 	C:\Users\Fedor\.jdks\openjdk-21.0.1\bin\awt.dll
0x00007fff89730000 - 0x00007fff897fd000 	C:\WINDOWS\System32\OLEAUT32.dll
0x00007fff85c70000 - 0x00007fff85d00000 	C:\WINDOWS\SYSTEM32\apphelp.dll
0x00007fff85d20000 - 0x00007fff85dbe000 	C:\WINDOWS\system32\uxtheme.dll
0x00007fff89800000 - 0x00007fff89914000 	C:\WINDOWS\System32\MSCTF.dll
0x00007fff88d10000 - 0x00007fff88e3b000 	C:\WINDOWS\System32\ole32.dll
0x00007fff86010000 - 0x00007fff8603f000 	C:\WINDOWS\system32\DWMAPI.DLL
0x00007fff65cb0000 - 0x00007fff65dd5000 	C:\WINDOWS\system32\opengl32.dll
0x00007fff728d0000 - 0x00007fff728fc000 	C:\WINDOWS\SYSTEM32\GLU32.dll
0x00007fff87cb0000 - 0x00007fff87cc8000 	C:\WINDOWS\SYSTEM32\CRYPTSP.dll
0x00007fff87390000 - 0x00007fff873c4000 	C:\WINDOWS\system32\rsaenh.dll
0x00007fff88220000 - 0x00007fff8824e000 	C:\WINDOWS\SYSTEM32\USERENV.dll
0x00007fff87cd0000 - 0x00007fff87cdc000 	C:\WINDOWS\SYSTEM32\CRYPTBASE.dll
0x00007fff87770000 - 0x00007fff877ab000 	C:\WINDOWS\SYSTEM32\IPHLPAPI.DLL
0x00007fff89ab0000 - 0x00007fff89ab8000 	C:\WINDOWS\System32\NSI.dll
0x00007fff65870000 - 0x00007fff658f7000 	C:\Users\Fedor\.jdks\openjdk-21.0.1\bin\freetype.dll
0x00007fff65790000 - 0x00007fff65863000 	C:\Users\Fedor\.jdks\openjdk-21.0.1\bin\fontmanager.dll
0x00007fff76470000 - 0x00007fff76569000 	C:\WINDOWS\SYSTEM32\textinputframework.dll
0x00007fff85b30000 - 0x00007fff85c22000 	C:\WINDOWS\System32\CoreMessaging.dll
0x00007fff856d0000 - 0x00007fff85a2b000 	C:\WINDOWS\System32\CoreUIComponents.dll
0x00007fff874b0000 - 0x00007fff874e3000 	C:\WINDOWS\SYSTEM32\ntmarta.dll
0x00007fff84fe0000 - 0x00007fff85135000 	C:\WINDOWS\SYSTEM32\wintypes.dll

dbghelp: loaded successfully - version: 4.0.5 - missing functions: none
symbol engine: initialized successfully - sym options: 0x614 - pdb path: .;C:\Users\Fedor\.jdks\openjdk-21.0.1\bin;C:\WINDOWS\SYSTEM32;C:\WINDOWS\WinSxS\amd64_microsoft.windows.common-controls_6595b64144ccf1df_6.0.19041.3636_none_60b6a03d71f818d5;C:\Users\Fedor\.jdks\openjdk-21.0.1\bin\server;C:\Program Files\JetBrains\IntelliJ IDEA Community Edition 2023.2.3\bin

VM Arguments:
jvm_args: -javaagent:C:\Program Files\JetBrains\IntelliJ IDEA Community Edition 2023.2.3\lib\idea_rt.jar=62105:C:\Program Files\JetBrains\IntelliJ IDEA Community Edition 2023.2.3\bin -Dfile.encoding=UTF-8 -Dsun.stdout.encoding=UTF-8 -Dsun.stderr.encoding=UTF-8 
java_command: org.example.MainKt
java_class_path (initial): C:\Users\Fedor\IdeaProjects\game\target\classes;C:\Users\Fedor\.m2\repository\org\jetbrains\kotlin\kotlin-stdlib-jdk8\1.9.21\kotlin-stdlib-jdk8-1.9.21.jar;C:\Users\Fedor\.m2\repository\org\jetbrains\kotlin\kotlin-stdlib\1.9.21\kotlin-stdlib-1.9.21.jar;C:\Users\Fedor\.m2\repository\org\jetbrains\annotations\13.0\annotations-13.0.jar;C:\Users\Fedor\.m2\repository\org\jetbrains\kotlin\kotlin-stdlib-jdk7\1.9.21\kotlin-stdlib-jdk7-1.9.21.jar
Launcher Type: SUN_STANDARD

[Global flags]
     intx CICompilerCount                          = 3                                         {product} {ergonomic}
     uint ConcGCThreads                            = 1                                         {product} {ergonomic}
     uint G1ConcRefinementThreads                  = 4                                         {product} {ergonomic}
   size_t G1HeapRegionSize                         = 1048576                                   {product} {ergonomic}
    uintx GCDrainStackTargetSize                   = 64                                        {product} {ergonomic}
   size_t InitialHeapSize                          = 132120576                                 {product} {ergonomic}
   size_t MarkStackSize                            = 4194304                                   {product} {ergonomic}
   size_t MaxHeapSize                              = 2095054848                                {product} {ergonomic}
   size_t MaxNewSize                               = 1256194048                                {product} {ergonomic}
   size_t MinHeapDeltaBytes                        = 1048576                                   {product} {ergonomic}
   size_t MinHeapSize                              = 8388608                                   {product} {ergonomic}
    uintx NonNMethodCodeHeapSize                   = 5832780                                {pd product} {ergonomic}
    uintx NonProfiledCodeHeapSize                  = 122912730                              {pd product} {ergonomic}
    uintx ProfiledCodeHeapSize                     = 122912730                              {pd product} {ergonomic}
    uintx ReservedCodeCacheSize                    = 251658240                              {pd product} {ergonomic}
     bool SegmentedCodeCache                       = true                                      {product} {ergonomic}
   size_t SoftMaxHeapSize                          = 2095054848                             {manageable} {ergonomic}
     bool UseCompressedOops                        = true                           {product lp64_product} {ergonomic}
     bool UseG1GC                                  = true                                      {product} {ergonomic}
     bool UseLargePagesIndividualAllocation        = false                                  {pd product} {ergonomic}

Logging:
Log output configuration:
 #0: stdout all=warning uptime,level,tags foldmultilines=false
 #1: stderr all=off uptime,level,tags foldmultilines=false

Environment Variables:
PATH=C:\WINDOWS\SYSTEM32;C:\WINDOWS;C:\WINDOWS\SYSTEM32\WBEM;C:\WINDOWS\SYSTEM32\WINDOWSPOWERSHELL\V1.0\;C:\PROGRAM FILES\INTEL\WIFI\BIN\;C:\PROGRAM FILES\COMMON FILES\INTEL\WIRELESSCOMMON\;C:\PROGRAM FILES (X86)\LENOVO\ACCESS CONNECTIONS\;C:\PROGRAM FILES (X86)\COMMON FILES\ACRONIS\SNAPAPI\;C:\FPC\3.2.2\BIN\I386-WIN32;C:\Program Files\ThinkPad\Bluetooth Software\;C:\Program Files\ThinkPad\Bluetooth Software\syswow64;C:\WINDOWS\system32;C:\WINDOWS;C:\WINDOWS\System32\Wbem;C:\WINDOWS\System32\WindowsPowerShell\v1.0\;C:\WINDOWS\System32\OpenSSH\;C:\Program Files (x86)\Windows Kits\10\Windows Performance Toolkit\;C:\Program Files\Git\cmd;C:\Users\Fedor\AppData\Local\Microsoft\WindowsApps;C:\Users\Fedor\AppData\Local\Programs\Microsoft VS Code\bin;C:\Users\Fedor\AppData\Local\Programs\MiKTeX\miktex\bin\x64\
USERNAME=Fedor
OS=Windows_NT
PROCESSOR_IDENTIFIER=Intel64 Family 6 Model 37 Stepping 5, GenuineIntel
TMP=C:\Users\Fedor\AppData\Local\Temp
TEMP=C:\Users\Fedor\AppData\Local\Temp




Periodic native trim disabled

---------------  S Y S T E M  ---------------

OS:
 Windows 10 , 64 bit Build 19041 (10.0.19041.3636)
OS uptime: 23 days 0:39 hours

CPU: total 4 (initial active 4) (2 cores per cpu, 2 threads per core) family 6 model 37 stepping 5 microcode 0x7, cx8, cmov, fxsr, ht, mmx, sse, sse2, sse3, ssse3, sse4.1, sse4.2, popcnt, tsc, tscinvbit, aes, clmul, clflush, rdtscp
Processor Information for all 4 processors :
  Max Mhz: 2534, Current Mhz: 2534, Mhz Limit: 2534

Memory: 4k page, system-wide physical 7987M (488M free)
TotalPageFile size 9523M (AvailPageFile size 1M)
current process WorkingSet (physical memory assigned to process): 83M, peak: 83M
current process commit charge ("private bytes"): 218M, peak: 218M

vm_info: OpenJDK 64-Bit Server VM (21.0.1+12-29) for windows-amd64 JRE (21.0.1+12-29), built on 2023-10-05T13:27:09Z by "mach5one" with MS VC++ 17.1 (VS2022)

END.
